#
# There is insufficient memory for the Java Runtime Environment to continue.
# Native memory allocation (mmap) failed to map 106954752 bytes for Failed to commit area from 0x00000000c9000000 to 0x00000000cf600000 of length 106954752.
# Possible reasons:
#   The system is out of physical RAM or swap space
#   The process is running with CompressedOops enabled, and the Java Heap may be blocking the growth of the native heap
# Possible solutions:
#   Reduce memory load on the system
#   Increase physical memory or swap space
#   Check if swap backing store is full
#   Decrease Java heap size (-Xmx/-Xms)
#   Decrease number of Java threads
#   Decrease Java thread stack sizes (-Xss)
#   Set larger code cache with -XX:ReservedCodeCacheSize=
#   JVM is running with Unscaled Compressed Oops mode in which the Java heap is
#     placed in the first 4GB address space. The Java Heap base address is the
#     maximum limit for the native heap growth. Please use -XX:HeapBaseMinAddress
#     to set the Java Heap base and to place the Java Heap above 4GB virtual address.
# This output file may be truncated or incomplete.
#
#  Out of Memory Error (./open/src/hotspot/os/windows/os_windows.cpp:3315), pid=1640, tid=4588
#
# JRE version: Java(TM) SE Runtime Environment (14.0.2+12) (build 14.0.2+12-46)
# Java VM: Java HotSpot(TM) 64-Bit Server VM (14.0.2+12-46, mixed mode, sharing, tiered, compressed oops, g1 gc, windows-amd64)
# No core dump will be written. Minidumps are not enabled by default on client versions of Windows
#

---------------  S U M M A R Y ------------

Command Line: -javaagent:D:\IntelliJ IDEA Community Edition 2020.2\lib\idea_rt.jar=50446:D:\IntelliJ IDEA Community Edition 2020.2\bin -Dfile.encoding=UTF-8 com.michael.MyVocabulary.MyVocabularyApplication

Host: Intel(R) Celeron(R) CPU B820 @ 1.70GHz, 2 cores, 3G,  Windows 7 , 64 bit Build 7601 (6.1.7601.24545)
Time: Tue May 10 21:31:58 2022 Oeieyiaey (eaoi) elapsed time: 5488 seconds (0d 1h 31m 28s)

---------------  T H R E A D  ---------------

Current thread (0x000000001faf6000):  VMThread "VM Thread" [stack: 0x000000001fd50000,0x000000001fe50000] [id=4588]

Stack: [0x000000001fd50000,0x000000001fe50000]
[error occurred during error reporting (printing stack bounds), id 0xc0000005, EXCEPTION_ACCESS_VIOLATION (0xc0000005) at pc=0x000000000b0a10bd]

Native frames: (J=compiled Java code, j=interpreted, Vv=VM code, C=native code)
V  [jvm.dll+0x5f8a9a]
V  [jvm.dll+0x74247a]
V  [jvm.dll+0x743c2f]
V  [jvm.dll+0x7441d5]
V  [jvm.dll+0x74418b]
V  [jvm.dll+0x5f7f6f]
V  [jvm.dll+0x5f8738]
C  [ntdll.dll+0x6be9d]
C  [ntdll.dll+0x4040a]
C  [ntdll.dll+0x6b53e]
C  0x000000000b0a10bd

VM_Operation (0x00000000206ddf60): G1CollectForAllocation, mode: safepoint, requested by thread 0x0000000026f48800


---------------  P R O C E S S  ---------------

Threads class SMR info:
_java_thread_list=0x0000000028af12a0, length=20, elements={
0x000000001fb04000, 0x000000001fb05800, 0x000000001fb19800, 0x000000001fb23800,
0x000000001fb25800, 0x000000001fb27800, 0x000000001fb28800, 0x000000001fba0800,
0x000000001fc42000, 0x0000000021235000, 0x0000000021236000, 0x00000000221c8800,
0x0000000022cdd800, 0x0000000022cd5800, 0x0000000022ad4800, 0x0000000023cd2800,
0x0000000026f46000, 0x0000000026f47000, 0x0000000026f48000, 0x0000000026f48800
}

Java Threads: ( => current thread )
  0x000000001fb04000 JavaThread "Reference Handler" daemon [_thread_blocked, id=5880, stack(0x000000001ffe0000,0x00000000200e0000)]
  0x000000001fb05800 JavaThread "Finalizer" daemon [_thread_blocked, id=8100, stack(0x000000001fea0000,0x000000001ffa0000)]
  0x000000001fb19800 JavaThread "Signal Dispatcher" daemon [_thread_blocked, id=9208, stack(0x0000000020240000,0x0000000020340000)]
  0x000000001fb23800 JavaThread "Attach Listener" daemon [_thread_blocked, id=7504, stack(0x0000000020100000,0x0000000020200000)]
  0x000000001fb25800 JavaThread "Service Thread" daemon [_thread_blocked, id=6912, stack(0x00000000203c0000,0x00000000204c0000)]
  0x000000001fb27800 JavaThread "C2 CompilerThread0" daemon [_thread_blocked, id=7416, stack(0x00000000204d0000,0x00000000205d0000)]
  0x000000001fb28800 JavaThread "C1 CompilerThread0" daemon [_thread_blocked, id=6372, stack(0x00000000206e0000,0x00000000207e0000)]
  0x000000001fba0800 JavaThread "Sweeper thread" daemon [_thread_blocked, id=9376, stack(0x000000001f040000,0x000000001f140000)]
  0x000000001fc42000 JavaThread "Common-Cleaner" daemon [_thread_blocked, id=6576, stack(0x0000000020870000,0x0000000020970000)]
  0x0000000021235000 JavaThread "Monitor Ctrl-Break" daemon [_thread_in_native, id=2548, stack(0x0000000021950000,0x0000000021a50000)]
  0x0000000021236000 JavaThread "Notification Thread" daemon [_thread_blocked, id=7656, stack(0x0000000021af0000,0x0000000021bf0000)]
  0x00000000221c8800 JavaThread "Catalina-utility-1" [_thread_blocked, id=5068, stack(0x00000000253c0000,0x00000000254c0000)]
  0x0000000022cdd800 JavaThread "Catalina-utility-2" [_thread_blocked, id=6180, stack(0x0000000025580000,0x0000000025680000)]
  0x0000000022cd5800 JavaThread "container-0" [_thread_blocked, id=1160, stack(0x00000000230d0000,0x00000000231d0000)]
  0x0000000022ad4800 JavaThread "mysql-cj-abandoned-connection-cleanup" daemon [_thread_blocked, id=5284, stack(0x0000000025690000,0x0000000025790000)]
  0x0000000023cd2800 JavaThread "HikariPool-1 housekeeper" daemon [_thread_blocked, id=7588, stack(0x00000000273b0000,0x00000000274b0000)]
  0x0000000026f46000 JavaThread "http-nio-8080-Poller" daemon [_thread_blocked, id=3132, stack(0x0000000029c60000,0x0000000029d60000)]
  0x0000000026f47000 JavaThread "http-nio-8080-Acceptor" daemon [_thread_in_native, id=8872, stack(0x0000000028580000,0x0000000028680000)]
  0x0000000026f48000 JavaThread "DestroyJavaVM" [_thread_blocked, id=10016, stack(0x0000000002480000,0x0000000002580000)]
  0x0000000026f48800 JavaThread "HikariPool-1 connection adder" daemon [_thread_blocked, id=7716, stack(0x00000000205e0000,0x00000000206e0000)]

Other Threads:
=>0x000000001faf6000 VMThread "VM Thread" [stack: 0x000000001fd50000,0x000000001fe50000] [id=4588]
  0x0000000021239800 WatcherThread [stack: 0x0000000021c70000,0x0000000021d70000] [id=6696]
  0x00000000003ce000 GCTaskThread "GC Thread#0" [stack: 0x000000001c750000,0x000000001c850000] [id=1972]
  0x0000000020bac800 GCTaskThread "GC Thread#1" [stack: 0x0000000020d70000,0x0000000020e70000] [id=3088]
  0x00000000003da000 ConcurrentGCThread "G1 Main Marker" [stack: 0x000000001c8e0000,0x000000001c9e0000] [id=8128]
  0x00000000003dc800 ConcurrentGCThread "G1 Conc#0" [stack: 0x000000001cb40000,0x000000001cc40000] [id=3564]
  0x000000001ed60800 ConcurrentGCThread "G1 Refine#0" [stack: 0x000000001ef30000,0x000000001f030000] [id=3356]
  0x0000000021767800 ConcurrentGCThread "G1 Refine#1" [stack: 0x0000000029d80000,0x0000000029e80000] [id=7304]
  0x000000001ed61800 ConcurrentGCThread "G1 Young RemSet Sampling" [stack: 0x000000001f160000,0x000000001f260000] [id=1324]

Threads with active compile tasks:

VM state:at safepoint (normal execution)

VM Mutex/Monitor currently owned by a thread:  ([mutex/lock_event])
[0x000000000039e050] Threads_lock - owner thread: 0x000000001faf6000
[0x000000000039e710] Heap_lock - owner thread: 0x0000000026f48800

Heap address: 0x00000000c4a00000, size: 950 MB, Compressed Oops mode: 32-bit
Narrow klass base: 0x0000000800000000, Narrow klass shift: 3
Compressed class space size: 1073741824 Address: 0x0000000800b30000

Heap:
 garbage-first heap   total 176128K, used 34907K [0x00000000c4a00000, 0x0000000100000000)
  region size 1024K, 1 young (1024K), 1 survivors (1024K)
 Metaspace       used 58994K, capacity 60589K, committed 61056K, reserved 1101824K
  class space    used 7806K, capacity 8436K, committed 8576K, reserved 1048576K
Heap Regions: E=young(eden), S=young(survivor), O=old, HS=humongous(starts), HC=humongous(continues), CS=collection set, F=free, OA=open archive, CA=closed archive, TAMS=top-at-mark-start (previous, next)
|   0|0x00000000c4a00000, 0x00000000c4b00000, 0x00000000c4b00000|100%|HS|  |TAMS 0x00000000c4b00000, 0x00000000c4b00000| Complete 
|   1|0x00000000c4b00000, 0x00000000c4c00000, 0x00000000c4c00000|100%| O|  |TAMS 0x00000000c4c00000, 0x00000000c4c00000| Untracked 
|   2|0x00000000c4c00000, 0x00000000c4d00000, 0x00000000c4d00000|100%| O|  |TAMS 0x00000000c4d00000, 0x00000000c4d00000| Untracked 
|   3|0x00000000c4d00000, 0x00000000c4e00000, 0x00000000c4e00000|100%| O|  |TAMS 0x00000000c4e00000, 0x00000000c4e00000| Untracked 
|   4|0x00000000c4e00000, 0x00000000c4f00000, 0x00000000c4f00000|100%| O|  |TAMS 0x00000000c4f00000, 0x00000000c4f00000| Untracked 
|   5|0x00000000c4f00000, 0x00000000c5000000, 0x00000000c5000000|100%| O|  |TAMS 0x00000000c5000000, 0x00000000c5000000| Untracked 
|   6|0x00000000c5000000, 0x00000000c5100000, 0x00000000c5100000|100%| O|  |TAMS 0x00000000c5100000, 0x00000000c5100000| Untracked 
|   7|0x00000000c5100000, 0x00000000c5200000, 0x00000000c5200000|100%| O|  |TAMS 0x00000000c5200000, 0x00000000c5200000| Untracked 
|   8|0x00000000c5200000, 0x00000000c5300000, 0x00000000c5300000|100%| O|  |TAMS 0x00000000c5200000, 0x00000000c5300000| Untracked 
|   9|0x00000000c5300000, 0x00000000c5400000, 0x00000000c5400000|100%| O|  |TAMS 0x00000000c5400000, 0x00000000c5400000| Untracked 
|  10|0x00000000c5400000, 0x00000000c5500000, 0x00000000c5500000|100%| O|  |TAMS 0x00000000c5400000, 0x00000000c5500000| Untracked 
|  11|0x00000000c5500000, 0x00000000c5600000, 0x00000000c5600000|100%| O|  |TAMS 0x00000000c5600000, 0x00000000c5600000| Untracked 
|  12|0x00000000c5600000, 0x00000000c5700000, 0x00000000c5700000|100%| O|  |TAMS 0x00000000c5600000, 0x00000000c5700000| Untracked 
|  13|0x00000000c5700000, 0x00000000c5800000, 0x00000000c5800000|100%| O|  |TAMS 0x00000000c5700000, 0x00000000c5800000| Untracked 
|  14|0x00000000c5800000, 0x00000000c5900000, 0x00000000c5900000|100%| O|  |TAMS 0x00000000c5900000, 0x00000000c5900000| Untracked 
|  15|0x00000000c5900000, 0x00000000c5a00000, 0x00000000c5a00000|100%| O|  |TAMS 0x00000000c5a00000, 0x00000000c5a00000| Untracked 
|  16|0x00000000c5a00000, 0x00000000c5b00000, 0x00000000c5b00000|100%| O|  |TAMS 0x00000000c5b00000, 0x00000000c5b00000| Untracked 
|  17|0x00000000c5b00000, 0x00000000c5c00000, 0x00000000c5c00000|100%| O|  |TAMS 0x00000000c5c00000, 0x00000000c5c00000| Untracked 
|  18|0x00000000c5c00000, 0x00000000c5d00000, 0x00000000c5d00000|100%| O|  |TAMS 0x00000000c5d00000, 0x00000000c5d00000| Untracked 
|  19|0x00000000c5d00000, 0x00000000c5e00000, 0x00000000c5e00000|100%| O|  |TAMS 0x00000000c5e00000, 0x00000000c5e00000| Untracked 
|  20|0x00000000c5e00000, 0x00000000c5f00000, 0x00000000c5f00000|100%| O|  |TAMS 0x00000000c5f00000, 0x00000000c5f00000| Untracked 
|  21|0x00000000c5f00000, 0x00000000c6000000, 0x00000000c6000000|100%| O|  |TAMS 0x00000000c6000000, 0x00000000c6000000| Untracked 
|  22|0x00000000c6000000, 0x00000000c6100000, 0x00000000c6100000|100%| O|  |TAMS 0x00000000c6000000, 0x00000000c6100000| Untracked 
|  23|0x00000000c6100000, 0x00000000c6200000, 0x00000000c6200000|100%| O|  |TAMS 0x00000000c6100000, 0x00000000c6200000| Untracked 
|  24|0x00000000c6200000, 0x00000000c6300000, 0x00000000c6300000|100%| O|  |TAMS 0x00000000c6300000, 0x00000000c6300000| Untracked 
|  25|0x00000000c6300000, 0x00000000c6400000, 0x00000000c6400000|100%| O|  |TAMS 0x00000000c6400000, 0x00000000c6400000| Untracked 
|  26|0x00000000c6400000, 0x00000000c6500000, 0x00000000c6500000|100%| O|  |TAMS 0x00000000c6400000, 0x00000000c6500000| Untracked 
|  27|0x00000000c6500000, 0x00000000c6600000, 0x00000000c6600000|100%| O|  |TAMS 0x00000000c6600000, 0x00000000c6600000| Untracked 
|  28|0x00000000c6600000, 0x00000000c6700000, 0x00000000c6700000|100%| O|  |TAMS 0x00000000c6600000, 0x00000000c665de00| Untracked 
|  29|0x00000000c6700000, 0x00000000c6800000, 0x00000000c6800000|100%| O|  |TAMS 0x00000000c6800000, 0x00000000c6800000| Untracked 
|  30|0x00000000c6800000, 0x00000000c686ea00, 0x00000000c6900000| 43%| O|  |TAMS 0x00000000c6800000, 0x00000000c6800000| Untracked 
|  31|0x00000000c6900000, 0x00000000c6a00000, 0x00000000c6a00000|100%| O|  |TAMS 0x00000000c6974a00, 0x00000000c6a00000| Untracked 
|  32|0x00000000c6a00000, 0x00000000c6b00000, 0x00000000c6b00000|100%| O|  |TAMS 0x00000000c6a00000, 0x00000000c6b00000| Untracked 
|  33|0x00000000c6b00000, 0x00000000c6c00000, 0x00000000c6c00000|100%| O|  |TAMS 0x00000000c6b00000, 0x00000000c6c00000| Untracked 
|  34|0x00000000c6c00000, 0x00000000c6c00000, 0x00000000c6d00000|  0%| F|  |TAMS 0x00000000c6c00000, 0x00000000c6c00000| Untracked 
|  35|0x00000000c6d00000, 0x00000000c6d00000, 0x00000000c6e00000|  0%| F|  |TAMS 0x00000000c6d00000, 0x00000000c6d00000| Untracked 
|  36|0x00000000c6e00000, 0x00000000c6e00000, 0x00000000c6f00000|  0%| F|  |TAMS 0x00000000c6e00000, 0x00000000c6e00000| Untracked 
|  37|0x00000000c6f00000, 0x00000000c6f00000, 0x00000000c7000000|  0%| F|  |TAMS 0x00000000c6f00000, 0x00000000c6f00000| Untracked 
|  38|0x00000000c7000000, 0x00000000c7000000, 0x00000000c7100000|  0%| F|  |TAMS 0x00000000c7000000, 0x00000000c7000000| Untracked 
|  39|0x00000000c7100000, 0x00000000c7100000, 0x00000000c7200000|  0%| F|  |TAMS 0x00000000c7100000, 0x00000000c7100000| Untracked 
|  40|0x00000000c7200000, 0x00000000c7200000, 0x00000000c7300000|  0%| F|  |TAMS 0x00000000c7200000, 0x00000000c7200000| Untracked 
|  41|0x00000000c7300000, 0x00000000c7300000, 0x00000000c7400000|  0%| F|  |TAMS 0x00000000c7300000, 0x00000000c7300000| Untracked 
|  42|0x00000000c7400000, 0x00000000c7400000, 0x00000000c7500000|  0%| F|  |TAMS 0x00000000c7400000, 0x00000000c7400000| Untracked 
|  43|0x00000000c7500000, 0x00000000c7500000, 0x00000000c7600000|  0%| F|  |TAMS 0x00000000c7500000, 0x00000000c7500000| Untracked 
|  44|0x00000000c7600000, 0x00000000c7600000, 0x00000000c7700000|  0%| F|  |TAMS 0x00000000c7600000, 0x00000000c7600000| Untracked 
|  45|0x00000000c7700000, 0x00000000c7700000, 0x00000000c7800000|  0%| F|  |TAMS 0x00000000c7700000, 0x00000000c7700000| Untracked 
|  46|0x00000000c7800000, 0x00000000c7800000, 0x00000000c7900000|  0%| F|  |TAMS 0x00000000c7800000, 0x00000000c7800000| Untracked 
|  47|0x00000000c7900000, 0x00000000c7900000, 0x00000000c7a00000|  0%| F|  |TAMS 0x00000000c7900000, 0x00000000c7900000| Untracked 
|  48|0x00000000c7a00000, 0x00000000c7a00000, 0x00000000c7b00000|  0%| F|  |TAMS 0x00000000c7a00000, 0x00000000c7a00000| Untracked 
|  49|0x00000000c7b00000, 0x00000000c7b00000, 0x00000000c7c00000|  0%| F|  |TAMS 0x00000000c7b00000, 0x00000000c7b00000| Untracked 
|  50|0x00000000c7c00000, 0x00000000c7c00000, 0x00000000c7d00000|  0%| F|  |TAMS 0x00000000c7c00000, 0x00000000c7c00000| Untracked 
|  51|0x00000000c7d00000, 0x00000000c7d00000, 0x00000000c7e00000|  0%| F|  |TAMS 0x00000000c7d00000, 0x00000000c7d00000| Untracked 
|  52|0x00000000c7e00000, 0x00000000c7e00000, 0x00000000c7f00000|  0%| F|  |TAMS 0x00000000c7e00000, 0x00000000c7e00000| Untracked 
|  53|0x00000000c7f00000, 0x00000000c7f00000, 0x00000000c8000000|  0%| F|  |TAMS 0x00000000c7f00000, 0x00000000c7f00000| Untracked 
|  54|0x00000000c8000000, 0x00000000c8000000, 0x00000000c8100000|  0%| F|  |TAMS 0x00000000c8000000, 0x00000000c8000000| Untracked 
|  55|0x00000000c8100000, 0x00000000c8100000, 0x00000000c8200000|  0%| F|  |TAMS 0x00000000c8100000, 0x00000000c8100000| Untracked 
|  56|0x00000000c8200000, 0x00000000c8200000, 0x00000000c8300000|  0%| F|  |TAMS 0x00000000c8200000, 0x00000000c8200000| Untracked 
|  57|0x00000000c8300000, 0x00000000c8300000, 0x00000000c8400000|  0%| F|  |TAMS 0x00000000c8300000, 0x00000000c8300000| Untracked 
|  58|0x00000000c8400000, 0x00000000c8400000, 0x00000000c8500000|  0%| F|  |TAMS 0x00000000c8400000, 0x00000000c8400000| Untracked 
|  59|0x00000000c8500000, 0x00000000c8500000, 0x00000000c8600000|  0%| F|  |TAMS 0x00000000c8500000, 0x00000000c8500000| Untracked 
|  60|0x00000000c8600000, 0x00000000c8600000, 0x00000000c8700000|  0%| F|  |TAMS 0x00000000c8600000, 0x00000000c8600000| Untracked 
|  61|0x00000000c8700000, 0x00000000c8700000, 0x00000000c8800000|  0%| F|  |TAMS 0x00000000c8700000, 0x00000000c8700000| Untracked 
|  62|0x00000000c8800000, 0x00000000c8800000, 0x00000000c8900000|  0%| F|  |TAMS 0x00000000c8800000, 0x00000000c8800000| Untracked 
|  63|0x00000000c8900000, 0x00000000c8900000, 0x00000000c8a00000|  0%| F|  |TAMS 0x00000000c8900000, 0x00000000c8900000| Untracked 
|  64|0x00000000c8a00000, 0x00000000c8a00000, 0x00000000c8b00000|  0%| F|  |TAMS 0x00000000c8a00000, 0x00000000c8a00000| Untracked 
|  65|0x00000000c8b00000, 0x00000000c8b00000, 0x00000000c8c00000|  0%| F|  |TAMS 0x00000000c8b00000, 0x00000000c8b00000| Untracked 
|  66|0x00000000c8c00000, 0x00000000c8c00000, 0x00000000c8d00000|  0%| F|  |TAMS 0x00000000c8c00000, 0x00000000c8c00000| Untracked 
|  67|0x00000000c8d00000, 0x00000000c8da8280, 0x00000000c8e00000| 65%| S|CS|TAMS 0x00000000c8d00000, 0x00000000c8d00000| Complete 
|  68|0x00000000c8e00000, 0x00000000c8e00000, 0x00000000c8f00000|  0%| F|  |TAMS 0x00000000c8e00000, 0x00000000c8e00000| Untracked 
|  69|0x00000000c8f00000, 0x00000000c8f00000, 0x00000000c9000000|  0%| F|  |TAMS 0x00000000c8f00000, 0x00000000c8f00000| Untracked 

Card table byte_map: [0x000000001a590000,0x000000001a770000] _byte_map_base: 0x0000000019f6b000

Marking Bits (Prev, Next): (CMBitMap*) 0x00000000003cf938, (CMBitMap*) 0x00000000003cf978
 Prev Bits: [0x000000001a950000, 0x000000001b828000)
 Next Bits: [0x000000001b830000, 0x000000001c708000)

Polling page: 0x0000000002200000

Metaspace:

Usage:
  Non-class:     50.93 MB capacity,    49.99 MB ( 98%) used,   762.55 KB (  1%) free+waste,   203.31 KB ( <1%) overhead. 
      Class:      8.24 MB capacity,     7.62 MB ( 93%) used,   533.43 KB (  6%) free+waste,    95.63 KB (  1%) overhead. 
       Both:     59.17 MB capacity,    57.61 MB ( 97%) used,     1.27 MB (  2%) free+waste,   298.94 KB ( <1%) overhead. 

Virtual space:
  Non-class space:       52.00 MB reserved,      51.25 MB ( 99%) committed 
      Class space:        1.00 GB reserved,       8.38 MB ( <1%) committed 
             Both:        1.05 GB reserved,      59.63 MB (  6%) committed 

Chunk freelists:
   Non-Class:  135.00 KB
       Class:  44.00 KB
        Both:  179.00 KB

MaxMetaspaceSize: 17179869184.00 GB
CompressedClassSpaceSize: 1.00 GB

CodeHeap 'non-profiled nmethods': size=120064Kb used=3543Kb max_used=3543Kb free=116520Kb
 bounds [0x0000000012b60000, 0x0000000012ee0000, 0x000000001a0a0000]
CodeHeap 'profiled nmethods': size=120000Kb used=10312Kb max_used=10312Kb free=109688Kb
 bounds [0x000000000b630000, 0x000000000c050000, 0x0000000012b60000]
CodeHeap 'non-nmethods': size=5696Kb used=1314Kb max_used=1386Kb free=4381Kb
 bounds [0x000000000b0a0000, 0x000000000b310000, 0x000000000b630000]
 total_blobs=5633 nmethods=5025 adapters=521
 compilation: enabled
              stopped_count=0, restarted_count=0
 full_count=0

Compilation events (20 events):
Event: 5487.200 Thread 0x000000001fb27800 nmethod 5976 0x0000000012ed4b90 code [0x0000000012ed4d40, 0x0000000012ed4fb8]
Event: 5487.200 Thread 0x000000001fb27800 5977       4       sun.security.util.math.intpoly.IntegerPolynomial$MutableElement::setProduct (6 bytes)
Event: 5487.212 Thread 0x000000001fb27800 nmethod 5977 0x0000000012ed5110 code [0x0000000012ed5300, 0x0000000012ed5738]
Event: 5487.287 Thread 0x000000001fb28800 nmethod 5966 0x000000000c03ba10 code [0x000000000c03bd00, 0x000000000c03d268]
Event: 5487.287 Thread 0x000000001fb28800 5974 %     3       java.util.stream.ReferencePipeline::forEachWithCancel @ 0 (23 bytes)
Event: 5487.288 Thread 0x000000001fb28800 nmethod 5974% 0x000000000c03d790 code [0x000000000c03d960, 0x000000000c03dd78]
Event: 5487.288 Thread 0x000000001fb28800 5975       3       java.util.LinkedList::linkLast (59 bytes)
Event: 5487.288 Thread 0x000000001fb28800 nmethod 5975 0x000000000c03df10 code [0x000000000c03e0e0, 0x000000000c03e558]
Event: 5487.288 Thread 0x000000001fb28800 5973       3       java.nio.ByteBuffer::get (55 bytes)
Event: 5487.289 Thread 0x000000001fb28800 nmethod 5973 0x000000000c03e690 code [0x000000000c03e880, 0x000000000c03ee88]
Event: 5487.336 Thread 0x000000001fb28800 5978       3       javax.crypto.spec.GCMParameterSpec::init (72 bytes)
Event: 5487.337 Thread 0x000000001fb28800 nmethod 5978 0x000000000c03f110 code [0x000000000c03f300, 0x000000000c03f8c8]
Event: 5487.358 Thread 0x000000001fb28800 5979       3       sun.security.ssl.Record::getInt8 (14 bytes)
Event: 5487.392 Thread 0x000000001fb27800 5980       4       java.lang.Math::addExact (26 bytes)
Event: 5487.393 Thread 0x000000001fb27800 nmethod 5980 0x0000000012ed5990 code [0x0000000012ed5b20, 0x0000000012ed5b98]
Event: 5487.426 Thread 0x000000001fb27800 5981       4       java.nio.Buffer::nextGetIndex (32 bytes)
Event: 5487.427 Thread 0x000000001fb27800 nmethod 5981 0x0000000012ed5c90 code [0x0000000012ed5e20, 0x0000000012ed5ed8]
Event: 5487.515 Thread 0x000000001fb28800 nmethod 5979 0x000000000c03fa90 code [0x000000000c03fc60, 0x000000000c03fff8]
Event: 5487.543 Thread 0x000000001fb28800 5982       3       com.sun.crypto.provider.CipherCore::init (562 bytes)
Event: 5487.708 Thread 0x000000001fb28800 nmethod 5982 0x000000000c040190 code [0x000000000c040880, 0x000000000c044c78]

GC Heap History (20 events):
Event: 5409.442 GC heap after
{Heap after GC invocations=48 (full 0):
 garbage-first heap   total 71680K, used 33156K [0x00000000c4a00000, 0x0000000100000000)
  region size 1024K, 1 young (1024K), 1 survivors (1024K)
 Metaspace       used 58876K, capacity 60461K, committed 60672K, reserved 1101824K
  class space    used 7788K, capacity 8372K, committed 8448K, reserved 1048576K
}
Event: 5440.996 GC heap before
{Heap before GC invocations=48 (full 0):
 garbage-first heap   total 71680K, used 35204K [0x00000000c4a00000, 0x0000000100000000)
  region size 1024K, 3 young (3072K), 1 survivors (1024K)
 Metaspace       used 58955K, capacity 60525K, committed 60800K, reserved 1101824K
  class space    used 7806K, capacity 8436K, committed 8576K, reserved 1048576K
}
Event: 5453.601 GC heap after
{Heap after GC invocations=49 (full 0):
 garbage-first heap   total 71680K, used 33266K [0x00000000c4a00000, 0x0000000100000000)
  region size 1024K, 1 young (1024K), 1 survivors (1024K)
 Metaspace       used 58955K, capacity 60525K, committed 60800K, reserved 1101824K
  class space    used 7806K, capacity 8436K, committed 8576K, reserved 1048576K
}
Event: 5461.373 GC heap before
{Heap before GC invocations=49 (full 0):
 garbage-first heap   total 71680K, used 35314K [0x00000000c4a00000, 0x0000000100000000)
  region size 1024K, 3 young (3072K), 1 survivors (1024K)
 Metaspace       used 58955K, capacity 60525K, committed 60800K, reserved 1101824K
  class space    used 7806K, capacity 8436K, committed 8576K, reserved 1048576K
}
Event: 5461.394 GC heap after
{Heap after GC invocations=50 (full 0):
 garbage-first heap   total 71680K, used 33287K [0x00000000c4a00000, 0x0000000100000000)
  region size 1024K, 1 young (1024K), 1 survivors (1024K)
 Metaspace       used 58955K, capacity 60525K, committed 60800K, reserved 1101824K
  class space    used 7806K, capacity 8436K, committed 8576K, reserved 1048576K
}
Event: 5470.164 GC heap before
{Heap before GC invocations=50 (full 0):
 garbage-first heap   total 71680K, used 35335K [0x00000000c4a00000, 0x0000000100000000)
  region size 1024K, 3 young (3072K), 1 survivors (1024K)
 Metaspace       used 58958K, capacity 60525K, committed 60800K, reserved 1101824K
  class space    used 7806K, capacity 8436K, committed 8576K, reserved 1048576K
}
Event: 5470.299 GC heap after
{Heap after GC invocations=51 (full 0):
 garbage-first heap   total 71680K, used 33282K [0x00000000c4a00000, 0x0000000100000000)
  region size 1024K, 1 young (1024K), 1 survivors (1024K)
 Metaspace       used 58958K, capacity 60525K, committed 60800K, reserved 1101824K
  class space    used 7806K, capacity 8436K, committed 8576K, reserved 1048576K
}
Event: 5479.989 GC heap before
{Heap before GC invocations=51 (full 0):
 garbage-first heap   total 71680K, used 35330K [0x00000000c4a00000, 0x0000000100000000)
  region size 1024K, 3 young (3072K), 1 survivors (1024K)
 Metaspace       used 58962K, capacity 60525K, committed 60800K, reserved 1101824K
  class space    used 7806K, capacity 8436K, committed 8576K, reserved 1048576K
}
Event: 5479.991 GC heap after
{Heap after GC invocations=52 (full 0):
 garbage-first heap   total 71680K, used 33578K [0x00000000c4a00000, 0x0000000100000000)
  region size 1024K, 1 young (1024K), 1 survivors (1024K)
 Metaspace       used 58962K, capacity 60525K, committed 60800K, reserved 1101824K
  class space    used 7806K, capacity 8436K, committed 8576K, reserved 1048576K
}
Event: 5480.273 GC heap before
{Heap before GC invocations=52 (full 0):
 garbage-first heap   total 71680K, used 34602K [0x00000000c4a00000, 0x0000000100000000)
  region size 1024K, 3 young (3072K), 1 survivors (1024K)
 Metaspace       used 58962K, capacity 60525K, committed 60800K, reserved 1101824K
  class space    used 7806K, capacity 8436K, committed 8576K, reserved 1048576K
}
Event: 5480.764 GC heap after
{Heap after GC invocations=53 (full 0):
 garbage-first heap   total 71680K, used 33737K [0x00000000c4a00000, 0x0000000100000000)
  region size 1024K, 1 young (1024K), 1 survivors (1024K)
 Metaspace       used 58962K, capacity 60525K, committed 60800K, reserved 1101824K
  class space    used 7806K, capacity 8436K, committed 8576K, reserved 1048576K
}
Event: 5481.343 GC heap before
{Heap before GC invocations=53 (full 0):
 garbage-first heap   total 71680K, used 35785K [0x00000000c4a00000, 0x0000000100000000)
  region size 1024K, 3 young (3072K), 1 survivors (1024K)
 Metaspace       used 58969K, capacity 60525K, committed 60800K, reserved 1101824K
  class space    used 7806K, capacity 8436K, committed 8576K, reserved 1048576K
}
Event: 5481.513 GC heap after
{Heap after GC invocations=54 (full 0):
 garbage-first heap   total 71680K, used 33899K [0x00000000c4a00000, 0x0000000100000000)
  region size 1024K, 1 young (1024K), 1 survivors (1024K)
 Metaspace       used 58969K, capacity 60525K, committed 60800K, reserved 1101824K
  class space    used 7806K, capacity 8436K, committed 8576K, reserved 1048576K
}
Event: 5482.945 GC heap before
{Heap before GC invocations=54 (full 0):
 garbage-first heap   total 71680K, used 35947K [0x00000000c4a00000, 0x0000000100000000)
  region size 1024K, 3 young (3072K), 1 survivors (1024K)
 Metaspace       used 58972K, capacity 60589K, committed 61056K, reserved 1101824K
  class space    used 7806K, capacity 8436K, committed 8576K, reserved 1048576K
}
Event: 5483.800 GC heap after
{Heap after GC invocations=55 (full 0):
 garbage-first heap   total 71680K, used 34221K [0x00000000c4a00000, 0x0000000100000000)
  region size 1024K, 1 young (1024K), 1 survivors (1024K)
 Metaspace       used 58972K, capacity 60589K, committed 61056K, reserved 1101824K
  class space    used 7806K, capacity 8436K, committed 8576K, reserved 1048576K
}
Event: 5484.259 GC heap before
{Heap before GC invocations=55 (full 0):
 garbage-first heap   total 71680K, used 36269K [0x00000000c4a00000, 0x0000000100000000)
  region size 1024K, 3 young (3072K), 1 survivors (1024K)
 Metaspace       used 58972K, capacity 60589K, committed 61056K, reserved 1101824K
  class space    used 7806K, capacity 8436K, committed 8576K, reserved 1048576K
}
Event: 5485.214 GC heap after
{Heap after GC invocations=56 (full 0):
 garbage-first heap   total 71680K, used 34293K [0x00000000c4a00000, 0x0000000100000000)
  region size 1024K, 1 young (1024K), 1 survivors (1024K)
 Metaspace       used 58972K, capacity 60589K, committed 61056K, reserved 1101824K
  class space    used 7806K, capacity 8436K, committed 8576K, reserved 1048576K
}
Event: 5487.109 GC heap before
{Heap before GC invocations=56 (full 0):
 garbage-first heap   total 71680K, used 36341K [0x00000000c4a00000, 0x0000000100000000)
  region size 1024K, 3 young (3072K), 1 survivors (1024K)
 Metaspace       used 58991K, capacity 60589K, committed 61056K, reserved 1101824K
  class space    used 7806K, capacity 8436K, committed 8576K, reserved 1048576K
}
Event: 5487.188 GC heap after
{Heap after GC invocations=57 (full 0):
 garbage-first heap   total 71680K, used 34592K [0x00000000c4a00000, 0x0000000100000000)
  region size 1024K, 1 young (1024K), 1 survivors (1024K)
 Metaspace       used 58991K, capacity 60589K, committed 61056K, reserved 1101824K
  class space    used 7806K, capacity 8436K, committed 8576K, reserved 1048576K
}
Event: 5487.724 GC heap before
{Heap before GC invocations=57 (full 0):
 garbage-first heap   total 71680K, used 36640K [0x00000000c4a00000, 0x0000000100000000)
  region size 1024K, 3 young (3072K), 1 survivors (1024K)
 Metaspace       used 58994K, capacity 60589K, committed 61056K, reserved 1101824K
  class space    used 7806K, capacity 8436K, committed 8576K, reserved 1048576K
}

Deoptimization events (20 events):
Event: 3653.718 Thread 0x0000000026f49800 DEOPT PACKING pc=0x000000000c00f720 sp=0x000000002879d9f0
Event: 3653.718 Thread 0x0000000026f49800 DEOPT UNPACKING pc=0x000000000b0e993f sp=0x000000002879ce78 mode 0
Event: 3653.725 Thread 0x0000000026f49800 DEOPT PACKING pc=0x000000000bb0e3c4 sp=0x000000002879d640
Event: 3653.725 Thread 0x0000000026f49800 DEOPT UNPACKING pc=0x000000000b0e993f sp=0x000000002879cb90 mode 0
Event: 4050.651 Thread 0x0000000022cdd800 Uncommon trap: trap_request=0xffffff45 fr.pc=0x0000000012e2b120 relative=0x00000000000000e0
Event: 4050.728 Thread 0x0000000022cdd800 Uncommon trap: reason=unstable_if action=reinterpret pc=0x0000000012e2b120 method=java.util.concurrent.ScheduledThreadPoolExecutor$ScheduledFutureTask.compareTo(Ljava/util/concurrent/Delayed;)I @ 40 c2
Event: 4050.728 Thread 0x0000000022cdd800 DEOPT PACKING pc=0x0000000012e2b120 sp=0x000000002567e910
Event: 4050.728 Thread 0x0000000022cdd800 DEOPT UNPACKING pc=0x000000000b0e9429 sp=0x000000002567e898 mode 2
Event: 5416.948 Thread 0x0000000026f48800 Uncommon trap: trap_request=0xfffffff4 fr.pc=0x0000000012dcb3c0 relative=0x0000000000009340
Event: 5416.979 Thread 0x0000000026f48800 Uncommon trap: reason=null_check action=make_not_entrant pc=0x0000000012dcb3c0 method=java.util.jar.JarFile.getManifestFromReference()Ljava/util/jar/Manifest; @ 14 c2
Event: 5416.980 Thread 0x0000000026f48800 DEOPT PACKING pc=0x0000000012dcb3c0 sp=0x00000000206ddbb0
Event: 5417.022 Thread 0x0000000026f48800 DEOPT UNPACKING pc=0x000000000b0e9429 sp=0x00000000206dda20 mode 2
Event: 5430.566 Thread 0x0000000026f48800 Uncommon trap: trap_request=0xfffffff4 fr.pc=0x0000000012cb2984 relative=0x00000000000009e4
Event: 5430.566 Thread 0x0000000026f48800 Uncommon trap: reason=null_check action=make_not_entrant pc=0x0000000012cb2984 method=java.lang.Class.reflectionData()Ljava/lang/Class$ReflectionData; @ 18 c2
Event: 5430.566 Thread 0x0000000026f48800 DEOPT PACKING pc=0x0000000012cb2984 sp=0x00000000206ddbd0
Event: 5430.620 Thread 0x0000000026f48800 DEOPT UNPACKING pc=0x000000000b0e9429 sp=0x00000000206ddb90 mode 2
Event: 5461.458 Thread 0x0000000026f48800 DEOPT PACKING pc=0x000000000b6c4000 sp=0x00000000206de160
Event: 5461.458 Thread 0x0000000026f48800 DEOPT UNPACKING pc=0x000000000b0e993f sp=0x00000000206dd578 mode 0
Event: 5480.005 Thread 0x0000000026f48800 DEOPT PACKING pc=0x000000000b6ed554 sp=0x00000000206de620
Event: 5480.005 Thread 0x0000000026f48800 DEOPT UNPACKING pc=0x000000000b0e993f sp=0x00000000206ddab8 mode 0

Classes unloaded (20 events):
Event: 1873.831 Thread 0x000000001faf6000 Unloading class 0x0000000800c81040 'java/lang/invoke/LambdaForm$MH'
Event: 1873.831 Thread 0x000000001faf6000 Unloading class 0x0000000800c80c40 'java/lang/invoke/LambdaForm$MH'
Event: 1873.842 Thread 0x000000001faf6000 Unloading class 0x0000000800c49c40 'java/lang/invoke/LambdaForm$MH'
Event: 1873.842 Thread 0x000000001faf6000 Unloading class 0x0000000800c49840 'java/lang/invoke/LambdaForm$MH'
Event: 1873.842 Thread 0x000000001faf6000 Unloading class 0x0000000800c49440 'java/lang/invoke/LambdaForm$MH'
Event: 1873.842 Thread 0x000000001faf6000 Unloading class 0x0000000800c49040 'java/lang/invoke/LambdaForm$MH'
Event: 1873.842 Thread 0x000000001faf6000 Unloading class 0x0000000800c48c40 'java/lang/invoke/LambdaForm$MH'
Event: 1873.842 Thread 0x000000001faf6000 Unloading class 0x0000000800c48440 'java/lang/invoke/LambdaForm$MH'
Event: 1873.842 Thread 0x000000001faf6000 Unloading class 0x0000000800c48040 'java/lang/invoke/LambdaForm$MH'
Event: 1873.867 Thread 0x000000001faf6000 Unloading class 0x0000000800bec440 'java/lang/invoke/LambdaForm$MH'
Event: 1873.867 Thread 0x000000001faf6000 Unloading class 0x0000000800bebc40 'java/lang/invoke/LambdaForm$MH'
Event: 1873.877 Thread 0x000000001faf6000 Unloading class 0x0000000800beb840 'java/lang/invoke/LambdaForm$MH'
Event: 1873.877 Thread 0x000000001faf6000 Unloading class 0x0000000800beb440 'java/lang/invoke/LambdaForm$MH'
Event: 1873.877 Thread 0x000000001faf6000 Unloading class 0x0000000800beb040 'java/lang/invoke/LambdaForm$MH'
Event: 1873.877 Thread 0x000000001faf6000 Unloading class 0x0000000800beac40 'java/lang/invoke/LambdaForm$MH'
Event: 1873.877 Thread 0x000000001faf6000 Unloading class 0x0000000800bea840 'java/lang/invoke/LambdaForm$MH'
Event: 1873.877 Thread 0x000000001faf6000 Unloading class 0x0000000800bea440 'java/lang/invoke/LambdaForm$MH'
Event: 1873.877 Thread 0x000000001faf6000 Unloading class 0x0000000800bea040 'java/lang/invoke/LambdaForm$MH'
Event: 1873.886 Thread 0x000000001faf6000 Unloading class 0x0000000800be9840 'java/lang/invoke/LambdaForm$MH'
Event: 1873.886 Thread 0x000000001faf6000 Unloading class 0x0000000800be9440 'java/lang/invoke/LambdaForm$MH'

Classes redefined (0 events):
No events

Internal exceptions (20 events):
Event: 32.846 Thread 0x00000000003a2000 Exception <a 'java/lang/ClassNotFoundException'{0x00000000c83190a0}: org/springframework/beans/factory/AwareCustomizer> (0x00000000c83190a0) 
thrown [./open/src/hotspot/share/classfile/systemDictionary.cpp, line 226]
Event: 32.847 Thread 0x00000000003a2000 Exception <a 'java/lang/ClassNotFoundException'{0x00000000c832ed70}: org/springframework/beans/factory/BeanClassLoaderAwareCustomizer> (0x00000000c832ed70) 
thrown [./open/src/hotspot/share/classfile/systemDictionary.cpp, line 226]
Event: 32.847 Thread 0x00000000003a2000 Exception <a 'java/lang/ClassNotFoundException'{0x00000000c8342e30}: org/springframework/beans/factory/AwareCustomizer> (0x00000000c8342e30) 
thrown [./open/src/hotspot/share/classfile/systemDictionary.cpp, line 226]
Event: 33.377 Thread 0x00000000003a2000 Implicit null exception at 0x0000000012c8857d to 0x0000000012c88cb8
Event: 33.755 Thread 0x00000000003a2000 Exception <a 'java/lang/ClassNotFoundException'{0x00000000c83e1188}: java/lang/ObjectCustomizer> (0x00000000c83e1188) 
thrown [./open/src/hotspot/share/classfile/systemDictionary.cpp, line 226]
Event: 33.756 Thread 0x00000000003a2000 Exception <a 'java/lang/ClassNotFoundException'{0x00000000c8200568}: org/springframework/security/config/annotation/web/configuration/HttpSecurityConfigurationCustomizer> (0x00000000c8200568) 
thrown [./open/src/hotspot/share/classfile/systemDictionary.cpp, line 226]
Event: 34.198 Thread 0x00000000003a2000 Exception <a 'java/lang/NoSuchMethodError'{0x00000000c7987518}: 'void java.lang.invoke.DirectMethodHandle$Holder.invokeVirtual(java.lang.Object, java.lang.Object, int)'> (0x00000000c7987518) 
thrown [./open/src/hotspot/share/interpreter/linkResolver.cpp, line 766]
Event: 34.202 Thread 0x00000000003a2000 Exception <a 'java/lang/NoSuchMethodError'{0x00000000c79a0228}: 'void java.lang.invoke.DirectMethodHandle$Holder.invokeVirtual(java.lang.Object, java.lang.Object, long)'> (0x00000000c79a0228) 
thrown [./open/src/hotspot/share/interpreter/linkResolver.cpp, line 766]
Event: 34.886 Thread 0x00000000003a2000 Exception <a 'java/lang/IncompatibleClassChangeError'{0x00000000c6e66508}: Found class java.lang.Object, but interface was expected> (0x00000000c6e66508) 
thrown [./open/src/hotspot/share/interpreter/linkResolver.cpp, line 832]
Event: 35.373 Thread 0x00000000003a2000 Exception <a 'java/lang/NoSuchMethodError'{0x00000000c7dc1cc8}: 'java.lang.Object java.lang.invoke.DirectMethodHandle$Holder.invokeSpecial(java.lang.Object, java.lang.Object, int, java.lang.Object, int, java.lang.Object)'> (0x00000000c7dc1cc8) 
thrown [./open/src/hotspot/share/interpreter/linkResolver.cpp, line 766]
Event: 35.374 Thread 0x00000000003a2000 Exception <a 'java/lang/NoSuchMethodError'{0x00000000c7dc8850}: 'java.lang.Object java.lang.invoke.DirectMethodHandle$Holder.invokeStatic(java.lang.Object, java.lang.Object, int, java.lang.Object, int)'> (0x00000000c7dc8850) 
thrown [./open/src/hotspot/share/interpreter/linkResolver.cpp, line 766]
Event: 35.374 Thread 0x00000000003a2000 Exception <a 'java/lang/NoSuchMethodError'{0x00000000c7dcbc00}: 'java.lang.Object java.lang.invoke.DirectMethodHandle$Holder.invokeSpecial(java.lang.Object, java.lang.Object, java.lang.Object, int, java.lang.Object, int)'> (0x00000000c7dcbc00) 
thrown [./open/src/hotspot/share/interpreter/linkResolver.cpp, line 766]
Event: 35.389 Thread 0x00000000003a2000 Exception <a 'java/lang/NoSuchMethodError'{0x00000000c7dd83f8}: 'void java.lang.invoke.DirectMethodHandle$Holder.invokeVirtual(java.lang.Object, java.lang.Object)'> (0x00000000c7dd83f8) 
thrown [./open/src/hotspot/share/interpreter/linkResolver.cpp, line 766]
Event: 3653.667 Thread 0x0000000026f48800 Exception <a 'java/net/SocketException'{0x00000000c8b5e260}: Connection reset by peer: shutdown> (0x00000000c8b5e260) 
thrown [./open/src/hotspot/share/prims/jni.cpp, line 620]
Event: 5413.415 Thread 0x0000000026f48800 Exception <a 'java/io/IOException'{0x00000000c8f95170}> (0x00000000c8f95170) 
thrown [./open/src/hotspot/share/prims/jni.cpp, line 599]
Event: 5416.147 Thread 0x0000000026f48800 Exception <a 'java/io/IOException'{0x00000000c8f96350}> (0x00000000c8f96350) 
thrown [./open/src/hotspot/share/prims/jni.cpp, line 599]
Event: 5416.948 Thread 0x0000000026f48800 Implicit null exception at 0x0000000012dc2fb9 to 0x0000000012dcb39c
Event: 5430.566 Thread 0x0000000026f48800 Implicit null exception at 0x0000000012cb2014 to 0x0000000012cb2970
Event: 5453.987 Thread 0x0000000026f48800 Exception <a 'java/io/IOException'{0x00000000c8e84d60}> (0x00000000c8e84d60) 
thrown [./open/src/hotspot/share/prims/jni.cpp, line 599]
Event: 5453.988 Thread 0x0000000026f48800 Exception <a 'java/io/IOException'{0x00000000c8e85d98}> (0x00000000c8e85d98) 
thrown [./open/src/hotspot/share/prims/jni.cpp, line 599]

Events (20 events):
Event: 5454.760 Executing VM operation: G1CollectForAllocation
Event: 5461.397 Executing VM operation: G1CollectForAllocation done
Event: 5466.550 Executing VM operation: HandshakeOneThread
Event: 5466.550 Executing VM operation: HandshakeOneThread done
Event: 5466.550 Thread 0x0000000026f49800 Thread exited: 0x0000000026f49800
Event: 5469.897 Executing VM operation: G1CollectForAllocation
Event: 5470.299 Executing VM operation: G1CollectForAllocation done
Event: 5479.918 Executing VM operation: G1CollectForAllocation
Event: 5479.991 Executing VM operation: G1CollectForAllocation done
Event: 5480.170 Executing VM operation: G1CollectForAllocation
Event: 5480.819 Executing VM operation: G1CollectForAllocation done
Event: 5481.103 Executing VM operation: G1CollectForAllocation
Event: 5481.518 Executing VM operation: G1CollectForAllocation done
Event: 5482.851 Executing VM operation: G1CollectForAllocation
Event: 5483.811 Executing VM operation: G1CollectForAllocation done
Event: 5483.877 Executing VM operation: G1CollectForAllocation
Event: 5485.244 Executing VM operation: G1CollectForAllocation done
Event: 5486.787 Executing VM operation: G1CollectForAllocation
Event: 5487.188 Executing VM operation: G1CollectForAllocation done
Event: 5487.585 Executing VM operation: G1CollectForAllocation


Dynamic libraries:
0x000000013ff80000 - 0x000000013ff8f000 	C:\Program Files\Java\jdk-14.0.2\bin\java.exe
0x00000000772b0000 - 0x000000007744f000 	C:\Windows\SYSTEM32\ntdll.dll
0x0000000077090000 - 0x00000000771af000 	C:\Windows\system32\kernel32.dll
0x000007fefd010000 - 0x000007fefd077000 	C:\Windows\system32\KERNELBASE.dll
0x000007fefac30000 - 0x000007fefac48000 	C:\Program Files\Java\jdk-14.0.2\bin\jli.dll
0x000007fefeda0000 - 0x000007fefee7b000 	C:\Windows\system32\ADVAPI32.dll
0x000007feff010000 - 0x000007feff0af000 	C:\Windows\system32\msvcrt.dll
0x000007fefe880000 - 0x000007fefe89f000 	C:\Windows\SYSTEM32\sechost.dll
0x000007fefe750000 - 0x000007fefe87c000 	C:\Windows\system32\RPCRT4.dll
0x000007fefb7f0000 - 0x000007fefb9e5000 	C:\Windows\WinSxS\amd64_microsoft.windows.common-controls_6595b64144ccf1df_6.0.7601.24483_none_e372d88f30fbb845\COMCTL32.dll
0x000007fefd530000 - 0x000007fefd597000 	C:\Windows\system32\GDI32.dll
0x00000000771b0000 - 0x00000000772ab000 	C:\Windows\system32\USER32.dll
0x000007feff130000 - 0x000007feff13e000 	C:\Windows\system32\LPK.dll
0x000007fefd620000 - 0x000007fefd6eb000 	C:\Windows\system32\USP10.dll
0x000007fefd5a0000 - 0x000007fefd611000 	C:\Windows\system32\SHLWAPI.dll
0x000007fefcd30000 - 0x000007fefcd3c000 	C:\Windows\system32\VERSION.dll
0x000007fefa250000 - 0x000007fefa265000 	C:\Program Files\Java\jdk-14.0.2\bin\VCRUNTIME140.dll
0x000007fefac20000 - 0x000007fefac24000 	C:\Program Files\Java\jdk-14.0.2\bin\api-ms-win-crt-runtime-l1-1-0.dll
0x000007fed9010000 - 0x000007fed910c000 	C:\Program Files\Java\jdk-14.0.2\bin\ucrtbase.DLL
0x000007fefa070000 - 0x000007fefa073000 	C:\Program Files\Java\jdk-14.0.2\bin\api-ms-win-core-localization-l1-2-0.dll
0x000007fef7d20000 - 0x000007fef7d23000 	C:\Program Files\Java\jdk-14.0.2\bin\api-ms-win-core-processthreads-l1-1-1.dll
0x000007fef7de0000 - 0x000007fef7de3000 	C:\Program Files\Java\jdk-14.0.2\bin\api-ms-win-core-file-l1-2-0.dll
0x000007fef7a80000 - 0x000007fef7a83000 	C:\Program Files\Java\jdk-14.0.2\bin\api-ms-win-core-timezone-l1-1-0.dll
0x000007fef7260000 - 0x000007fef7263000 	C:\Program Files\Java\jdk-14.0.2\bin\api-ms-win-core-file-l2-1-0.dll
0x000007fef7250000 - 0x000007fef7253000 	C:\Program Files\Java\jdk-14.0.2\bin\api-ms-win-core-synch-l1-2-0.dll
0x000007fef71c0000 - 0x000007fef71c3000 	C:\Program Files\Java\jdk-14.0.2\bin\api-ms-win-crt-heap-l1-1-0.dll
0x000007fef6fd0000 - 0x000007fef6fd4000 	C:\Program Files\Java\jdk-14.0.2\bin\api-ms-win-crt-string-l1-1-0.dll
0x000007fef6fb0000 - 0x000007fef6fb4000 	C:\Program Files\Java\jdk-14.0.2\bin\api-ms-win-crt-stdio-l1-1-0.dll
0x000007fef6f00000 - 0x000007fef6f04000 	C:\Program Files\Java\jdk-14.0.2\bin\api-ms-win-crt-convert-l1-1-0.dll
0x000007fef6e90000 - 0x000007fef6e93000 	C:\Program Files\Java\jdk-14.0.2\bin\api-ms-win-crt-environment-l1-1-0.dll
0x000007fef6e80000 - 0x000007fef6e83000 	C:\Program Files\Java\jdk-14.0.2\bin\api-ms-win-crt-filesystem-l1-1-0.dll
0x000007fef6e40000 - 0x000007fef6e45000 	C:\Program Files\Java\jdk-14.0.2\bin\api-ms-win-crt-math-l1-1-0.dll
0x000007fef6770000 - 0x000007fef6773000 	C:\Program Files\Java\jdk-14.0.2\bin\api-ms-win-crt-locale-l1-1-0.dll
0x000007fefe8a0000 - 0x000007fefe8ce000 	C:\Windows\system32\IMM32.DLL
0x000007feff3e0000 - 0x000007feff4eb000 	C:\Windows\system32\MSCTF.dll
0x000007fefcd40000 - 0x000007fefcd70000 	C:\Windows\system32\nvinitx.dll
0x0000000074b40000 - 0x0000000074b46000 	C:\Program Files\NVIDIA Corporation\CoProcManager\detoured.dll
0x000007fefa740000 - 0x000007fefa778000 	C:\Program Files\NVIDIA Corporation\CoProcManager\nvd3d9wrapx.dll
0x000007fefd260000 - 0x000007fefd437000 	C:\Windows\system32\SETUPAPI.dll
0x000007fefd120000 - 0x000007fefd156000 	C:\Windows\system32\CFGMGR32.dll
0x000007fefd450000 - 0x000007fefd52b000 	C:\Windows\system32\OLEAUT32.dll
0x000007feff1e0000 - 0x000007feff3df000 	C:\Windows\system32\ole32.dll
0x000007fefcfe0000 - 0x000007fefcffa000 	C:\Windows\system32\DEVOBJ.dll
0x000007fefa790000 - 0x000007fefa7b4000 	C:\Program Files\NVIDIA Corporation\CoProcManager\nvdxgiwrapx.dll
0x000007feec9b0000 - 0x000007feeca4b000 	C:\Program Files\Java\jdk-14.0.2\bin\msvcp140.dll
0x000007fef6760000 - 0x000007fef6763000 	C:\Program Files\Java\jdk-14.0.2\bin\api-ms-win-crt-time-l1-1-0.dll
0x000007fef6710000 - 0x000007fef6713000 	C:\Program Files\Java\jdk-14.0.2\bin\api-ms-win-crt-utility-l1-1-0.dll
0x000007fec5570000 - 0x000007fec608e000 	C:\Program Files\Java\jdk-14.0.2\bin\server\jvm.dll
0x000007fef6fe0000 - 0x000007fef6fe9000 	C:\Windows\system32\WSOCK32.dll
0x000007feff4f0000 - 0x000007feff53d000 	C:\Windows\system32\WS2_32.dll
0x000007fefd440000 - 0x000007fefd448000 	C:\Windows\system32\NSI.dll
0x000007fefa8b0000 - 0x000007fefa8eb000 	C:\Windows\system32\WINMM.dll
0x0000000077450000 - 0x0000000077457000 	C:\Windows\system32\PSAPI.DLL
0x000007fef6700000 - 0x000007fef670a000 	C:\Program Files\Java\jdk-14.0.2\bin\jimage.dll
0x000007fef8aa0000 - 0x000007fef8bc5000 	C:\Windows\system32\DBGHELP.DLL
0x000007fef3010000 - 0x000007fef301e000 	C:\Program Files\Java\jdk-14.0.2\bin\instrument.dll
0x000007feec980000 - 0x000007feec9a5000 	C:\Program Files\Java\jdk-14.0.2\bin\java.dll
0x000007fef66d0000 - 0x000007fef66e6000 	C:\Program Files\Java\jdk-14.0.2\bin\zip.dll
0x000007fefd9c0000 - 0x000007fefe74b000 	C:\Windows\system32\SHELL32.dll
0x000007fefce00000 - 0x000007fefce0f000 	C:\Windows\system32\profapi.dll
0x000007fef2ab0000 - 0x000007fef2ac9000 	C:\Program Files\Java\jdk-14.0.2\bin\net.dll
0x000007fef8940000 - 0x000007fef89b1000 	C:\Windows\system32\WINHTTP.dll
0x000007fef88d0000 - 0x000007fef8935000 	C:\Windows\system32\webio.dll
0x000007fefc500000 - 0x000007fefc555000 	C:\Windows\system32\mswsock.dll
0x000007fefc4f0000 - 0x000007fefc4f7000 	C:\Windows\System32\wship6.dll
0x000007fef2de0000 - 0x000007fef2df2000 	C:\Program Files\Java\jdk-14.0.2\bin\nio.dll
0x000007fef24f0000 - 0x000007fef250a000 	D:\IntelliJ IDEA Community Edition 2020.2\bin\breakgen64.dll
0x000007fef3000000 - 0x000007fef3010000 	C:\Program Files\Java\jdk-14.0.2\bin\verify.dll
0x000007fef2af0000 - 0x000007fef2af9000 	C:\Program Files\Java\jdk-14.0.2\bin\management.dll
0x000007fef2fe0000 - 0x000007fef2feb000 	C:\Program Files\Java\jdk-14.0.2\bin\management_ext.dll
0x000007fefabb0000 - 0x000007fefabc5000 	C:\Windows\system32\NLAapi.dll
0x000007fef8610000 - 0x000007fef8625000 	C:\Windows\system32\napinsp.dll
0x000007fef7b50000 - 0x000007fef7b69000 	C:\Windows\system32\pnrpnsp.dll
0x000007fefc380000 - 0x000007fefc3db000 	C:\Windows\system32\DNSAPI.dll
0x000007fef7b40000 - 0x000007fef7b4b000 	C:\Windows\System32\winrnr.dll
0x000007fef7b30000 - 0x000007fef7b40000 	C:\Windows\system32\wshbth.dll
0x000007fefbf70000 - 0x000007fefbf77000 	C:\Windows\System32\wshtcpip.dll
0x000007fefa620000 - 0x000007fefa647000 	C:\Windows\system32\IPHLPAPI.DLL
0x000007fefa610000 - 0x000007fefa61b000 	C:\Windows\system32\WINNSI.DLL
0x000007fef7b20000 - 0x000007fef7b28000 	C:\Windows\system32\rasadhlp.dll
0x000007fefa550000 - 0x000007fefa5a3000 	C:\Windows\System32\fwpuclnt.dll
0x000007fefc560000 - 0x000007fefc578000 	C:\Windows\system32\CRYPTSP.dll
0x000007fefc260000 - 0x000007fefc2a7000 	C:\Windows\system32\rsaenh.dll
0x000007fefcfa0000 - 0x000007fefcfbf000 	C:\Windows\system32\USERENV.dll
0x000007fefcc60000 - 0x000007fefcc6f000 	C:\Windows\system32\CRYPTBASE.dll
0x000007fefa430000 - 0x000007fefa448000 	C:\Windows\system32\dhcpcsvc.DLL
0x000007fefa410000 - 0x000007fefa421000 	C:\Windows\system32\dhcpcsvc6.DLL
0x000007feed900000 - 0x000007feed925000 	C:\Program Files\Java\jdk-14.0.2\bin\sunec.dll
0x000007fef2640000 - 0x000007fef264e000 	C:\Program Files\Java\jdk-14.0.2\bin\sunmscapi.dll
0x000007fefce20000 - 0x000007fefcf8d000 	C:\Windows\system32\CRYPT32.dll
0x000007fefce10000 - 0x000007fefce1f000 	C:\Windows\system32\MSASN1.dll
0x000007fefc730000 - 0x000007fefc780000 	C:\Windows\system32\ncrypt.dll
0x000007fefc700000 - 0x000007fefc722000 	C:\Windows\system32\bcrypt.dll

dbghelp: loaded successfully - version: 4.0.5 - missing functions: none
symbol engine: initialized successfully - sym options: 0x614 - pdb path: .;C:\Program Files\Java\jdk-14.0.2\bin;C:\Windows\SYSTEM32;C:\Windows\WinSxS\amd64_microsoft.windows.common-controls_6595b64144ccf1df_6.0.7601.24483_none_e372d88f30fbb845;C:\Program Files\NVIDIA Corporation\CoProcManager;C:\Program Files\Java\jdk-14.0.2\bin\server;D:\IntelliJ IDEA Community Edition 2020.2\bin

VM Arguments:
jvm_args: -javaagent:D:\IntelliJ IDEA Community Edition 2020.2\lib\idea_rt.jar=50446:D:\IntelliJ IDEA Community Edition 2020.2\bin -Dfile.encoding=UTF-8 
java_command: com.michael.MyVocabulary.MyVocabularyApplication
java_class_path (initial): D:\Особисті папки\Михайло\Програмування\MyVocabulary\target\classes;C:\Users\Міша\.m2\repository\org\springframework\boot\spring-boot-starter-data-jpa\2.6.3\spring-boot-starter-data-jpa-2.6.3.jar;C:\Users\Міша\.m2\repository\org\springframework\boot\spring-boot-starter-aop\2.6.3\spring-boot-starter-aop-2.6.3.jar;C:\Users\Міша\.m2\repository\org\aspectj\aspectjweaver\1.9.7\aspectjweaver-1.9.7.jar;C:\Users\Міша\.m2\repository\org\springframework\boot\spring-boot-starter-jdbc\2.6.3\spring-boot-starter-jdbc-2.6.3.jar;C:\Users\Міша\.m2\repository\com\zaxxer\HikariCP\4.0.3\HikariCP-4.0.3.jar;C:\Users\Міша\.m2\repository\org\springframework\spring-jdbc\5.3.15\spring-jdbc-5.3.15.jar;C:\Users\Міша\.m2\repository\jakarta\transaction\jakarta.transaction-api\1.3.3\jakarta.transaction-api-1.3.3.jar;C:\Users\Міша\.m2\repository\jakarta\persistence\jakarta.persistence-api\2.2.3\jakarta.persistence-api-2.2.3.jar;C:\Users\Міша\.m2\repository\org\hibernate\hibernate-core\5.6.4.Final\hibernate-core-5.6.4.Final.jar;C:\Users\Міша\.m2\repository\org\jboss\logging\jboss-logging\3.4.3.Final\jboss-logging-3.4.3.Final.jar;C:\Users\Міша\.m2\repository\net\bytebuddy\byte-buddy\1.11.22\byte-buddy-1.11.22.jar;C:\Users\Міша\.m2\repository\antlr\antlr\2.7.7\antlr-2.7.7.jar;C:\Users\Міша\.m2\repository\org\jboss\jandex\2.4.2.Final\jandex-2.4.2.Final.jar;C:\Users\Міша\.m2\repository\com\fasterxml\classmate\1.5.1\classmate-1.5.1.jar;C:\Users\Міша\.m2\repository\org\hibernate\common\hibernate-commons-annotations\5.1.2.Final\hibernate-commons-annotations-5.1.2.Final.jar;C:\Users\Міша\.m2\repository\org\glassfish\jaxb\jaxb-runtime\2.3.5\jaxb-runtime-2.3.5.jar;C:\Users\Міша\.m2\repository\org\glassfish\jaxb\txw2\2.3.5\txw2-2.3.5.jar;C:\Users\Міша\.m2\repository\com\sun\istack\istack-commons-runtime\3.0.12\istack-commons-runtime-3.0.12.jar;C:\Users\Міша\.m2\repository\com\sun\activation\jakarta.activation\1.2.2\jakarta.activation-1.2.2.jar;C:\Users\Міша\.m2\repository\org\spri
Launcher Type: SUN_STANDARD

[Global flags]
     intx CICompilerCount                          = 2                                         {product} {ergonomic}
     uint ConcGCThreads                            = 1                                         {product} {ergonomic}
     uint G1ConcRefinementThreads                  = 2                                         {product} {ergonomic}
   size_t G1HeapRegionSize                         = 1048576                                   {product} {ergonomic}
    uintx GCDrainStackTargetSize                   = 64                                        {product} {ergonomic}
   size_t InitialHeapSize                          = 62914560                                  {product} {ergonomic}
   size_t MarkStackSize                            = 4194304                                   {product} {ergonomic}
   size_t MaxHeapSize                              = 996147200                                 {product} {ergonomic}
   size_t MaxNewSize                               = 597688320                                 {product} {ergonomic}
   size_t MinHeapDeltaBytes                        = 1048576                                   {product} {ergonomic}
   size_t MinHeapSize                              = 8388608                                   {product} {ergonomic}
    uintx NonNMethodCodeHeapSize                   = 5826188                                {pd product} {ergonomic}
    uintx NonProfiledCodeHeapSize                  = 122916026                              {pd product} {ergonomic}
    uintx ProfiledCodeHeapSize                     = 122916026                              {pd product} {ergonomic}
    uintx ReservedCodeCacheSize                    = 251658240                              {pd product} {ergonomic}
     bool SegmentedCodeCache                       = true                                      {product} {ergonomic}
   size_t SoftMaxHeapSize                          = 996147200                              {manageable} {ergonomic}
     bool UseCompressedClassPointers               = true                                 {lp64_product} {ergonomic}
     bool UseCompressedOops                        = true                                 {lp64_product} {ergonomic}
     bool UseG1GC                                  = true                                      {product} {ergonomic}
     bool UseLargePagesIndividualAllocation        = false                                  {pd product} {ergonomic}

Logging:
Log output configuration:
 #0: stdout all=warning uptime,level,tags
 #1: stderr all=off uptime,level,tags

Environment Variables:
JAVA_HOME=C:\Program Files\Java\jdk-14.0.2
PATH=C:\Program Files (x86)\Common Files\Oracle\Java\javapath;C:\ProgramData\Oracle\Java\javapath;C:\Program Files\Java\jre1.8.0_261\bin\javaw.exe;C:\Program Files\Java\jdk-14.0.2\bin;D:\apache\apache-maven-3.6.3\bin;C:\Program Files (x86)\Common Files\Acronis\VirtualFile\;C:\Program Files (x86)\Common Files\Acronis\VirtualFile64\;C:\Program Files (x86)\Common Files\Acronis\FileProtector\;C:\Program Files (x86)\Common Files\Acronis\FileProtector64\;C:\Program Files (x86)\Common Files\Acronis\SnapAPI\;C:\Program Files\nodejs\;C:\Program Files\GitHub CLI\;C:\Program Files\Git\cmd;C:\Program Files\MySQL\MySQL Shell 8.0\bin\;C:\Program Files\PostgreSQL\14\bin;C:\Users\Міша\AppData\Local\Programs\Microsoft VS Code\bin;C:\Users\Міша\AppData\Roaming\npm
USERNAME=Міша
OS=Windows_NT
PROCESSOR_IDENTIFIER=Intel64 Family 6 Model 42 Stepping 7, GenuineIntel



---------------  S Y S T E M  ---------------

OS: Windows 7 , 64 bit Build 7601 (6.1.7601.24545)
OS uptime: 1 days 4:50 hours

CPU:total 2 (initial active 2) (2 cores per cpu, 1 threads per core) family 6 model 42 stepping 7, cmov, cx8, fxsr, mmx, sse, sse2, sse3, ssse3, sse4.1, sse4.2, popcnt, clmul, tsc, tscinvbit

Memory: 4k page, system-wide physical 3795M (1110M free)
TotalPageFile size 9966M (AvailPageFile size 16M)
current process WorkingSet (physical memory assigned to process): 72M, peak: 239M
current process commit charge ("private bytes"): 252M, peak: 354M

vm_info: Java HotSpot(TM) 64-Bit Server VM (14.0.2+12-46) for windows-amd64 JRE (14.0.2+12-46), built on Jul  9 2020 00:35:52 by "mach5one" with MS VC++ 15.9 (VS2017)

END.
